2025-08-20T09:51:20.863-03:00  INFO 1120 --- [SystemCallAndTask] [restartedMain] c.j.S.SystemCallAndTaskApplication       : Starting SystemCallAndTaskApplication using Java 24.0.1 with PID 1120 (D:\SystemDev\SystemCallAndTask\cat-back\target\classes started by Kaike-TI in D:\SystemDev\SystemCallAndTask\cat-back)
2025-08-20T09:51:20.866-03:00 DEBUG 1120 --- [SystemCallAndTask] [restartedMain] c.j.S.SystemCallAndTaskApplication       : Running with Spring Boot v3.5.0, Spring v6.2.7
2025-08-20T09:51:20.866-03:00  INFO 1120 --- [SystemCallAndTask] [restartedMain] c.j.S.SystemCallAndTaskApplication       : No active profile set, falling back to 1 default profile: "default"
2025-08-20T09:51:22.643-03:00  INFO 1120 --- [SystemCallAndTask] [restartedMain] o.apache.catalina.core.StandardService   : Starting service [Tomcat]
2025-08-20T09:51:22.646-03:00  INFO 1120 --- [SystemCallAndTask] [restartedMain] o.apache.catalina.core.StandardEngine    : Starting Servlet engine: [Apache Tomcat/10.1.41]
2025-08-20T09:51:22.691-03:00  INFO 1120 --- [SystemCallAndTask] [restartedMain] o.a.c.c.C.[Tomcat].[localhost].[/]       : Initializing Spring embedded WebApplicationContext
2025-08-20T09:51:23.592-03:00  INFO 1120 --- [SystemCallAndTask] [restartedMain] com.zaxxer.hikari.HikariDataSource       : HikariPool-1 - Starting...
2025-08-20T09:51:23.724-03:00  INFO 1120 --- [SystemCallAndTask] [restartedMain] com.zaxxer.hikari.pool.HikariPool        : HikariPool-1 - Added connection com.mysql.cj.jdbc.ConnectionImpl@26596769
2025-08-20T09:51:23.725-03:00  INFO 1120 --- [SystemCallAndTask] [restartedMain] com.zaxxer.hikari.HikariDataSource       : HikariPool-1 - Start completed.
2025-08-20T09:51:23.761-03:00  WARN 1120 --- [SystemCallAndTask] [restartedMain] org.hibernate.orm.deprecation            : HHH90000025: MySQL8Dialect does not need to be specified explicitly using 'hibernate.dialect' (remove the property setting and it will be selected by default)
2025-08-20T09:51:23.761-03:00  WARN 1120 --- [SystemCallAndTask] [restartedMain] org.hibernate.orm.deprecation            : HHH90000026: MySQL8Dialect has been deprecated; use org.hibernate.dialect.MySQLDialect instead
2025-08-20T09:51:23.784-03:00 DEBUG 1120 --- [SystemCallAndTask] [restartedMain] o.h.t.d.sql.spi.DdlTypeRegistry          : addDescriptor(12, org.hibernate.type.descriptor.sql.internal.CapacityDependentDdlType@4403ca7a) replaced previous registration(org.hibernate.type.descriptor.sql.internal.CapacityDependentDdlType@18bf35fe)
2025-08-20T09:51:23.785-03:00 DEBUG 1120 --- [SystemCallAndTask] [restartedMain] o.h.t.d.sql.spi.DdlTypeRegistry          : addDescriptor(-9, org.hibernate.type.descriptor.sql.internal.CapacityDependentDdlType@70d7d1cb) replaced previous registration(org.hibernate.type.descriptor.sql.internal.CapacityDependentDdlType@1d0f66e8)
2025-08-20T09:51:23.785-03:00 DEBUG 1120 --- [SystemCallAndTask] [restartedMain] o.h.t.d.sql.spi.DdlTypeRegistry          : addDescriptor(-3, org.hibernate.type.descriptor.sql.internal.CapacityDependentDdlType@47852f29) replaced previous registration(org.hibernate.type.descriptor.sql.internal.CapacityDependentDdlType@2674e2e2)
2025-08-20T09:51:23.785-03:00 DEBUG 1120 --- [SystemCallAndTask] [restartedMain] o.h.t.d.sql.spi.DdlTypeRegistry          : addDescriptor(4003, org.hibernate.type.descriptor.sql.internal.DdlTypeImpl@68e3366e) replaced previous registration(org.hibernate.type.descriptor.sql.internal.DdlTypeImpl@ebd35bc)
2025-08-20T09:51:23.785-03:00 DEBUG 1120 --- [SystemCallAndTask] [restartedMain] o.h.t.d.sql.spi.DdlTypeRegistry          : addDescriptor(4001, org.hibernate.type.descriptor.sql.internal.DdlTypeImpl@60afbf25) replaced previous registration(org.hibernate.type.descriptor.sql.internal.DdlTypeImpl@614d2220)
2025-08-20T09:51:23.785-03:00 DEBUG 1120 --- [SystemCallAndTask] [restartedMain] o.h.t.d.sql.spi.DdlTypeRegistry          : addDescriptor(4002, org.hibernate.type.descriptor.sql.internal.DdlTypeImpl@10ec2821) replaced previous registration(org.hibernate.type.descriptor.sql.internal.DdlTypeImpl@779bef55)
2025-08-20T09:51:23.786-03:00 DEBUG 1120 --- [SystemCallAndTask] [restartedMain] o.h.t.d.sql.spi.DdlTypeRegistry          : addDescriptor(2004, org.hibernate.type.descriptor.sql.internal.CapacityDependentDdlType@6ad02014) replaced previous registration(org.hibernate.type.descriptor.sql.internal.DdlTypeImpl@6204534c)
2025-08-20T09:51:23.786-03:00 DEBUG 1120 --- [SystemCallAndTask] [restartedMain] o.h.t.d.sql.spi.DdlTypeRegistry          : addDescriptor(2005, org.hibernate.type.descriptor.sql.internal.CapacityDependentDdlType@13d8c20d) replaced previous registration(org.hibernate.type.descriptor.sql.internal.DdlTypeImpl@3b917664)
2025-08-20T09:51:23.786-03:00 DEBUG 1120 --- [SystemCallAndTask] [restartedMain] o.h.t.d.sql.spi.DdlTypeRegistry          : addDescriptor(2011, org.hibernate.type.descriptor.sql.internal.CapacityDependentDdlType@50aa2182) replaced previous registration(org.hibernate.type.descriptor.sql.internal.DdlTypeImpl@10f496e8)
2025-08-20T09:51:25.029-03:00  WARN 1120 --- [SystemCallAndTask] [restartedMain] JpaBaseConfiguration$JpaWebConfiguration : spring.jpa.open-in-view is enabled by default. Therefore, database queries may be performed during view rendering. Explicitly configure spring.jpa.open-in-view to disable this warning
2025-08-20T09:51:25.191-03:00  WARN 1120 --- [SystemCallAndTask] [restartedMain] .s.s.UserDetailsServiceAutoConfiguration : 

Using generated security password: 5d0bb81c-4e27-4564-bc82-23281f7bc432

This generated password is for development use only. Your security configuration must be updated before running your application in production.

2025-08-20T09:51:25.531-03:00  WARN 1120 --- [SystemCallAndTask] [restartedMain] o.s.b.d.a.OptionalLiveReloadServer       : Unable to start LiveReload server
2025-08-20T09:51:25.582-03:00  INFO 1120 --- [SystemCallAndTask] [restartedMain] c.j.S.SystemCallAndTaskApplication       : Started SystemCallAndTaskApplication in 5.403 seconds (process running for 5.982)
2025-08-20T09:51:25.616-03:00  INFO 1120 --- [SystemCallAndTask] [restartedMain] org.flywaydb.core.FlywayExecutor         : Database: jdbc:mysql://localhost:3306/call_dev_v1_1 (MySQL 8.0)
2025-08-20T09:51:25.660-03:00  INFO 1120 --- [SystemCallAndTask] [restartedMain] o.f.core.internal.command.DbValidate     : Successfully validated 5 migrations (execution time 00:00.023s)
2025-08-20T09:51:25.674-03:00  INFO 1120 --- [SystemCallAndTask] [restartedMain] o.f.core.internal.command.DbMigrate      : Current version of schema `call_dev_v1_1`: 5
2025-08-20T09:51:25.679-03:00  INFO 1120 --- [SystemCallAndTask] [restartedMain] o.f.core.internal.command.DbMigrate      : Schema `call_dev_v1_1` is up to date. No migration necessary.
2025-08-20T09:51:31.916-03:00  INFO 1120 --- [SystemCallAndTask] [http-nio-8080-exec-1] o.a.c.c.C.[Tomcat].[localhost].[/]       : Initializing Spring DispatcherServlet 'dispatcherServlet'
2025-08-20T09:53:18.860-03:00  INFO 1120 --- [SystemCallAndTask] [SpringApplicationShutdownHook] com.zaxxer.hikari.HikariDataSource       : HikariPool-1 - Shutdown initiated...
2025-08-20T09:53:18.864-03:00  INFO 1120 --- [SystemCallAndTask] [SpringApplicationShutdownHook] com.zaxxer.hikari.HikariDataSource       : HikariPool-1 - Shutdown completed.
2025-08-20T09:53:20.999-03:00  INFO 16364 --- [SystemCallAndTask] [restartedMain] c.j.S.SystemCallAndTaskApplication       : Starting SystemCallAndTaskApplication using Java 24.0.1 with PID 16364 (D:\SystemDev\SystemCallAndTask\cat-back\target\classes started by Kaike-TI in D:\SystemDev\SystemCallAndTask\cat-back)
2025-08-20T09:53:21.001-03:00 DEBUG 16364 --- [SystemCallAndTask] [restartedMain] c.j.S.SystemCallAndTaskApplication       : Running with Spring Boot v3.5.0, Spring v6.2.7
2025-08-20T09:53:21.002-03:00  INFO 16364 --- [SystemCallAndTask] [restartedMain] c.j.S.SystemCallAndTaskApplication       : No active profile set, falling back to 1 default profile: "default"
2025-08-20T09:53:22.706-03:00  INFO 16364 --- [SystemCallAndTask] [restartedMain] o.apache.catalina.core.StandardService   : Starting service [Tomcat]
2025-08-20T09:53:22.706-03:00  INFO 16364 --- [SystemCallAndTask] [restartedMain] o.apache.catalina.core.StandardEngine    : Starting Servlet engine: [Apache Tomcat/10.1.41]
2025-08-20T09:53:22.756-03:00  INFO 16364 --- [SystemCallAndTask] [restartedMain] o.a.c.c.C.[Tomcat].[localhost].[/]       : Initializing Spring embedded WebApplicationContext
2025-08-20T09:53:23.652-03:00  INFO 16364 --- [SystemCallAndTask] [restartedMain] com.zaxxer.hikari.HikariDataSource       : HikariPool-1 - Starting...
2025-08-20T09:53:23.808-03:00  INFO 16364 --- [SystemCallAndTask] [restartedMain] com.zaxxer.hikari.pool.HikariPool        : HikariPool-1 - Added connection com.mysql.cj.jdbc.ConnectionImpl@10dc8db7
2025-08-20T09:53:23.809-03:00  INFO 16364 --- [SystemCallAndTask] [restartedMain] com.zaxxer.hikari.HikariDataSource       : HikariPool-1 - Start completed.
2025-08-20T09:53:23.846-03:00  WARN 16364 --- [SystemCallAndTask] [restartedMain] org.hibernate.orm.deprecation            : HHH90000025: MySQL8Dialect does not need to be specified explicitly using 'hibernate.dialect' (remove the property setting and it will be selected by default)
2025-08-20T09:53:23.847-03:00  WARN 16364 --- [SystemCallAndTask] [restartedMain] org.hibernate.orm.deprecation            : HHH90000026: MySQL8Dialect has been deprecated; use org.hibernate.dialect.MySQLDialect instead
2025-08-20T09:53:23.872-03:00 DEBUG 16364 --- [SystemCallAndTask] [restartedMain] o.h.t.d.sql.spi.DdlTypeRegistry          : addDescriptor(12, org.hibernate.type.descriptor.sql.internal.CapacityDependentDdlType@5b413138) replaced previous registration(org.hibernate.type.descriptor.sql.internal.CapacityDependentDdlType@13ffecf6)
2025-08-20T09:53:23.873-03:00 DEBUG 16364 --- [SystemCallAndTask] [restartedMain] o.h.t.d.sql.spi.DdlTypeRegistry          : addDescriptor(-9, org.hibernate.type.descriptor.sql.internal.CapacityDependentDdlType@64e4d1b9) replaced previous registration(org.hibernate.type.descriptor.sql.internal.CapacityDependentDdlType@ad782d0)
2025-08-20T09:53:23.874-03:00 DEBUG 16364 --- [SystemCallAndTask] [restartedMain] o.h.t.d.sql.spi.DdlTypeRegistry          : addDescriptor(-3, org.hibernate.type.descriptor.sql.internal.CapacityDependentDdlType@58cdba43) replaced previous registration(org.hibernate.type.descriptor.sql.internal.CapacityDependentDdlType@343965f0)
2025-08-20T09:53:23.874-03:00 DEBUG 16364 --- [SystemCallAndTask] [restartedMain] o.h.t.d.sql.spi.DdlTypeRegistry          : addDescriptor(4003, org.hibernate.type.descriptor.sql.internal.DdlTypeImpl@761203d7) replaced previous registration(org.hibernate.type.descriptor.sql.internal.DdlTypeImpl@4065dec7)
2025-08-20T09:53:23.874-03:00 DEBUG 16364 --- [SystemCallAndTask] [restartedMain] o.h.t.d.sql.spi.DdlTypeRegistry          : addDescriptor(4001, org.hibernate.type.descriptor.sql.internal.DdlTypeImpl@75cf6b2a) replaced previous registration(org.hibernate.type.descriptor.sql.internal.DdlTypeImpl@aa68686)
2025-08-20T09:53:23.874-03:00 DEBUG 16364 --- [SystemCallAndTask] [restartedMain] o.h.t.d.sql.spi.DdlTypeRegistry          : addDescriptor(4002, org.hibernate.type.descriptor.sql.internal.DdlTypeImpl@6ccc20be) replaced previous registration(org.hibernate.type.descriptor.sql.internal.DdlTypeImpl@2314806)
2025-08-20T09:53:23.875-03:00 DEBUG 16364 --- [SystemCallAndTask] [restartedMain] o.h.t.d.sql.spi.DdlTypeRegistry          : addDescriptor(2004, org.hibernate.type.descriptor.sql.internal.CapacityDependentDdlType@c29f551) replaced previous registration(org.hibernate.type.descriptor.sql.internal.DdlTypeImpl@3205d0e4)
2025-08-20T09:53:23.875-03:00 DEBUG 16364 --- [SystemCallAndTask] [restartedMain] o.h.t.d.sql.spi.DdlTypeRegistry          : addDescriptor(2005, org.hibernate.type.descriptor.sql.internal.CapacityDependentDdlType@3f41dfca) replaced previous registration(org.hibernate.type.descriptor.sql.internal.DdlTypeImpl@3738d15c)
2025-08-20T09:53:23.875-03:00 DEBUG 16364 --- [SystemCallAndTask] [restartedMain] o.h.t.d.sql.spi.DdlTypeRegistry          : addDescriptor(2011, org.hibernate.type.descriptor.sql.internal.CapacityDependentDdlType@74f82997) replaced previous registration(org.hibernate.type.descriptor.sql.internal.DdlTypeImpl@68e6551c)
2025-08-20T09:53:25.136-03:00  WARN 16364 --- [SystemCallAndTask] [restartedMain] JpaBaseConfiguration$JpaWebConfiguration : spring.jpa.open-in-view is enabled by default. Therefore, database queries may be performed during view rendering. Explicitly configure spring.jpa.open-in-view to disable this warning
2025-08-20T09:53:25.293-03:00  WARN 16364 --- [SystemCallAndTask] [restartedMain] .s.s.UserDetailsServiceAutoConfiguration : 

Using generated security password: 98da9341-3c8d-4682-9d51-6a1a7b332a40

This generated password is for development use only. Your security configuration must be updated before running your application in production.

2025-08-20T09:53:25.651-03:00  WARN 16364 --- [SystemCallAndTask] [restartedMain] o.s.b.d.a.OptionalLiveReloadServer       : Unable to start LiveReload server
2025-08-20T09:53:25.695-03:00  INFO 16364 --- [SystemCallAndTask] [restartedMain] c.j.S.SystemCallAndTaskApplication       : Started SystemCallAndTaskApplication in 5.37 seconds (process running for 5.878)
2025-08-20T09:53:25.731-03:00  INFO 16364 --- [SystemCallAndTask] [restartedMain] org.flywaydb.core.FlywayExecutor         : Database: jdbc:mysql://localhost:3306/call_dev_v1_1 (MySQL 8.0)
2025-08-20T09:53:25.779-03:00  INFO 16364 --- [SystemCallAndTask] [restartedMain] o.f.core.internal.command.DbValidate     : Successfully validated 5 migrations (execution time 00:00.025s)
2025-08-20T09:53:25.800-03:00  INFO 16364 --- [SystemCallAndTask] [restartedMain] o.f.core.internal.command.DbMigrate      : Current version of schema `call_dev_v1_1`: 5
2025-08-20T09:53:25.804-03:00  INFO 16364 --- [SystemCallAndTask] [restartedMain] o.f.core.internal.command.DbMigrate      : Schema `call_dev_v1_1` is up to date. No migration necessary.
2025-08-20T09:53:32.336-03:00  INFO 16364 --- [SystemCallAndTask] [http-nio-8080-exec-1] o.a.c.c.C.[Tomcat].[localhost].[/]       : Initializing Spring DispatcherServlet 'dispatcherServlet'
2025-08-20T09:59:52.101-03:00  INFO 16364 --- [SystemCallAndTask] [SpringApplicationShutdownHook] com.zaxxer.hikari.HikariDataSource       : HikariPool-1 - Shutdown initiated...
2025-08-20T09:59:52.104-03:00  INFO 16364 --- [SystemCallAndTask] [SpringApplicationShutdownHook] com.zaxxer.hikari.HikariDataSource       : HikariPool-1 - Shutdown completed.
2025-08-20T09:59:54.661-03:00  INFO 9392 --- [SystemCallAndTask] [restartedMain] c.j.S.SystemCallAndTaskApplication       : Starting SystemCallAndTaskApplication using Java 24.0.1 with PID 9392 (D:\SystemDev\SystemCallAndTask\cat-back\target\classes started by Kaike-TI in D:\SystemDev\SystemCallAndTask\cat-back)
2025-08-20T09:59:54.662-03:00 DEBUG 9392 --- [SystemCallAndTask] [restartedMain] c.j.S.SystemCallAndTaskApplication       : Running with Spring Boot v3.5.0, Spring v6.2.7
2025-08-20T09:59:54.663-03:00  INFO 9392 --- [SystemCallAndTask] [restartedMain] c.j.S.SystemCallAndTaskApplication       : No active profile set, falling back to 1 default profile: "default"
2025-08-20T09:59:56.352-03:00  INFO 9392 --- [SystemCallAndTask] [restartedMain] o.apache.catalina.core.StandardService   : Starting service [Tomcat]
2025-08-20T09:59:56.353-03:00  INFO 9392 --- [SystemCallAndTask] [restartedMain] o.apache.catalina.core.StandardEngine    : Starting Servlet engine: [Apache Tomcat/10.1.41]
2025-08-20T09:59:56.407-03:00  INFO 9392 --- [SystemCallAndTask] [restartedMain] o.a.c.c.C.[Tomcat].[localhost].[/]       : Initializing Spring embedded WebApplicationContext
2025-08-20T09:59:57.350-03:00  INFO 9392 --- [SystemCallAndTask] [restartedMain] com.zaxxer.hikari.HikariDataSource       : HikariPool-1 - Starting...
2025-08-20T09:59:57.498-03:00  INFO 9392 --- [SystemCallAndTask] [restartedMain] com.zaxxer.hikari.pool.HikariPool        : HikariPool-1 - Added connection com.mysql.cj.jdbc.ConnectionImpl@483a0189
2025-08-20T09:59:57.500-03:00  INFO 9392 --- [SystemCallAndTask] [restartedMain] com.zaxxer.hikari.HikariDataSource       : HikariPool-1 - Start completed.
2025-08-20T09:59:57.581-03:00 DEBUG 9392 --- [SystemCallAndTask] [restartedMain] o.h.t.d.sql.spi.DdlTypeRegistry          : addDescriptor(12, org.hibernate.type.descriptor.sql.internal.CapacityDependentDdlType@10752db5) replaced previous registration(org.hibernate.type.descriptor.sql.internal.CapacityDependentDdlType@2edf1b46)
2025-08-20T09:59:57.582-03:00 DEBUG 9392 --- [SystemCallAndTask] [restartedMain] o.h.t.d.sql.spi.DdlTypeRegistry          : addDescriptor(-9, org.hibernate.type.descriptor.sql.internal.CapacityDependentDdlType@4e79965e) replaced previous registration(org.hibernate.type.descriptor.sql.internal.CapacityDependentDdlType@2c0a2f9f)
2025-08-20T09:59:57.582-03:00 DEBUG 9392 --- [SystemCallAndTask] [restartedMain] o.h.t.d.sql.spi.DdlTypeRegistry          : addDescriptor(-3, org.hibernate.type.descriptor.sql.internal.CapacityDependentDdlType@2b40798) replaced previous registration(org.hibernate.type.descriptor.sql.internal.CapacityDependentDdlType@132516f6)
2025-08-20T09:59:57.582-03:00 DEBUG 9392 --- [SystemCallAndTask] [restartedMain] o.h.t.d.sql.spi.DdlTypeRegistry          : addDescriptor(4003, org.hibernate.type.descriptor.sql.internal.DdlTypeImpl@116ca9aa) replaced previous registration(org.hibernate.type.descriptor.sql.internal.DdlTypeImpl@6c670acf)
2025-08-20T09:59:57.582-03:00 DEBUG 9392 --- [SystemCallAndTask] [restartedMain] o.h.t.d.sql.spi.DdlTypeRegistry          : addDescriptor(4001, org.hibernate.type.descriptor.sql.internal.DdlTypeImpl@4ecd481c) replaced previous registration(org.hibernate.type.descriptor.sql.internal.DdlTypeImpl@75e47595)
2025-08-20T09:59:57.582-03:00 DEBUG 9392 --- [SystemCallAndTask] [restartedMain] o.h.t.d.sql.spi.DdlTypeRegistry          : addDescriptor(4002, org.hibernate.type.descriptor.sql.internal.DdlTypeImpl@1b1b37a) replaced previous registration(org.hibernate.type.descriptor.sql.internal.DdlTypeImpl@55d4e0f1)
2025-08-20T09:59:57.582-03:00 DEBUG 9392 --- [SystemCallAndTask] [restartedMain] o.h.t.d.sql.spi.DdlTypeRegistry          : addDescriptor(2004, org.hibernate.type.descriptor.sql.internal.CapacityDependentDdlType@717ddfff) replaced previous registration(org.hibernate.type.descriptor.sql.internal.DdlTypeImpl@27e35498)
2025-08-20T09:59:57.583-03:00 DEBUG 9392 --- [SystemCallAndTask] [restartedMain] o.h.t.d.sql.spi.DdlTypeRegistry          : addDescriptor(2005, org.hibernate.type.descriptor.sql.internal.CapacityDependentDdlType@2bc5197d) replaced previous registration(org.hibernate.type.descriptor.sql.internal.DdlTypeImpl@5964a79c)
2025-08-20T09:59:57.583-03:00 DEBUG 9392 --- [SystemCallAndTask] [restartedMain] o.h.t.d.sql.spi.DdlTypeRegistry          : addDescriptor(2011, org.hibernate.type.descriptor.sql.internal.CapacityDependentDdlType@46f90968) replaced previous registration(org.hibernate.type.descriptor.sql.internal.DdlTypeImpl@7b83d2bb)
2025-08-20T09:59:58.844-03:00  WARN 9392 --- [SystemCallAndTask] [restartedMain] JpaBaseConfiguration$JpaWebConfiguration : spring.jpa.open-in-view is enabled by default. Therefore, database queries may be performed during view rendering. Explicitly configure spring.jpa.open-in-view to disable this warning
2025-08-20T09:59:59.008-03:00  WARN 9392 --- [SystemCallAndTask] [restartedMain] .s.s.UserDetailsServiceAutoConfiguration : 

Using generated security password: 5041503c-94ec-4831-ba7f-eb5ed48e171a

This generated password is for development use only. Your security configuration must be updated before running your application in production.

2025-08-20T09:59:59.349-03:00  WARN 9392 --- [SystemCallAndTask] [restartedMain] o.s.b.d.a.OptionalLiveReloadServer       : Unable to start LiveReload server
2025-08-20T09:59:59.402-03:00  INFO 9392 --- [SystemCallAndTask] [restartedMain] c.j.S.SystemCallAndTaskApplication       : Started SystemCallAndTaskApplication in 5.449 seconds (process running for 5.966)
2025-08-20T09:59:59.440-03:00  INFO 9392 --- [SystemCallAndTask] [restartedMain] org.flywaydb.core.FlywayExecutor         : Database: jdbc:mysql://localhost:3306/call_dev_v1_1 (MySQL 8.0)
2025-08-20T09:59:59.490-03:00  INFO 9392 --- [SystemCallAndTask] [restartedMain] o.f.core.internal.command.DbValidate     : Successfully validated 5 migrations (execution time 00:00.027s)
2025-08-20T09:59:59.506-03:00  INFO 9392 --- [SystemCallAndTask] [restartedMain] o.f.core.internal.command.DbMigrate      : Current version of schema `call_dev_v1_1`: 5
2025-08-20T09:59:59.511-03:00  INFO 9392 --- [SystemCallAndTask] [restartedMain] o.f.core.internal.command.DbMigrate      : Schema `call_dev_v1_1` is up to date. No migration necessary.
2025-08-20T10:00:05.544-03:00  INFO 9392 --- [SystemCallAndTask] [http-nio-8080-exec-3] o.a.c.c.C.[Tomcat].[localhost].[/]       : Initializing Spring DispatcherServlet 'dispatcherServlet'
2025-08-20T10:02:04.621-03:00  INFO 9392 --- [SystemCallAndTask] [SpringApplicationShutdownHook] com.zaxxer.hikari.HikariDataSource       : HikariPool-1 - Shutdown initiated...
2025-08-20T10:02:04.624-03:00  INFO 9392 --- [SystemCallAndTask] [SpringApplicationShutdownHook] com.zaxxer.hikari.HikariDataSource       : HikariPool-1 - Shutdown completed.
2025-08-20T10:02:07.195-03:00  INFO 6332 --- [SystemCallAndTask] [restartedMain] c.j.S.SystemCallAndTaskApplication       : Starting SystemCallAndTaskApplication using Java 24.0.1 with PID 6332 (D:\SystemDev\SystemCallAndTask\cat-back\target\classes started by Kaike-TI in D:\SystemDev\SystemCallAndTask\cat-back)
2025-08-20T10:02:07.197-03:00 DEBUG 6332 --- [SystemCallAndTask] [restartedMain] c.j.S.SystemCallAndTaskApplication       : Running with Spring Boot v3.5.0, Spring v6.2.7
2025-08-20T10:02:07.198-03:00  INFO 6332 --- [SystemCallAndTask] [restartedMain] c.j.S.SystemCallAndTaskApplication       : No active profile set, falling back to 1 default profile: "default"
2025-08-20T10:02:08.898-03:00  INFO 6332 --- [SystemCallAndTask] [restartedMain] o.apache.catalina.core.StandardService   : Starting service [Tomcat]
2025-08-20T10:02:08.898-03:00  INFO 6332 --- [SystemCallAndTask] [restartedMain] o.apache.catalina.core.StandardEngine    : Starting Servlet engine: [Apache Tomcat/10.1.41]
2025-08-20T10:02:08.948-03:00  INFO 6332 --- [SystemCallAndTask] [restartedMain] o.a.c.c.C.[Tomcat].[localhost].[/]       : Initializing Spring embedded WebApplicationContext
2025-08-20T10:02:09.899-03:00  INFO 6332 --- [SystemCallAndTask] [restartedMain] com.zaxxer.hikari.HikariDataSource       : HikariPool-1 - Starting...
2025-08-20T10:02:10.047-03:00  INFO 6332 --- [SystemCallAndTask] [restartedMain] com.zaxxer.hikari.pool.HikariPool        : HikariPool-1 - Added connection com.mysql.cj.jdbc.ConnectionImpl@189bb590
2025-08-20T10:02:10.049-03:00  INFO 6332 --- [SystemCallAndTask] [restartedMain] com.zaxxer.hikari.HikariDataSource       : HikariPool-1 - Start completed.
2025-08-20T10:02:10.134-03:00 DEBUG 6332 --- [SystemCallAndTask] [restartedMain] o.h.t.d.sql.spi.DdlTypeRegistry          : addDescriptor(12, org.hibernate.type.descriptor.sql.internal.CapacityDependentDdlType@192ba402) replaced previous registration(org.hibernate.type.descriptor.sql.internal.CapacityDependentDdlType@712570ee)
2025-08-20T10:02:10.134-03:00 DEBUG 6332 --- [SystemCallAndTask] [restartedMain] o.h.t.d.sql.spi.DdlTypeRegistry          : addDescriptor(-9, org.hibernate.type.descriptor.sql.internal.CapacityDependentDdlType@16f685ca) replaced previous registration(org.hibernate.type.descriptor.sql.internal.CapacityDependentDdlType@5fbf0ee)
2025-08-20T10:02:10.135-03:00 DEBUG 6332 --- [SystemCallAndTask] [restartedMain] o.h.t.d.sql.spi.DdlTypeRegistry          : addDescriptor(-3, org.hibernate.type.descriptor.sql.internal.CapacityDependentDdlType@59e828e8) replaced previous registration(org.hibernate.type.descriptor.sql.internal.CapacityDependentDdlType@7993e44a)
2025-08-20T10:02:10.135-03:00 DEBUG 6332 --- [SystemCallAndTask] [restartedMain] o.h.t.d.sql.spi.DdlTypeRegistry          : addDescriptor(4003, org.hibernate.type.descriptor.sql.internal.DdlTypeImpl@5be9e667) replaced previous registration(org.hibernate.type.descriptor.sql.internal.DdlTypeImpl@1cf0174)
2025-08-20T10:02:10.135-03:00 DEBUG 6332 --- [SystemCallAndTask] [restartedMain] o.h.t.d.sql.spi.DdlTypeRegistry          : addDescriptor(4001, org.hibernate.type.descriptor.sql.internal.DdlTypeImpl@1978d6cd) replaced previous registration(org.hibernate.type.descriptor.sql.internal.DdlTypeImpl@7f2fc01c)
2025-08-20T10:02:10.136-03:00 DEBUG 6332 --- [SystemCallAndTask] [restartedMain] o.h.t.d.sql.spi.DdlTypeRegistry          : addDescriptor(4002, org.hibernate.type.descriptor.sql.internal.DdlTypeImpl@6b61cb40) replaced previous registration(org.hibernate.type.descriptor.sql.internal.DdlTypeImpl@125cb3f9)
2025-08-20T10:02:10.136-03:00 DEBUG 6332 --- [SystemCallAndTask] [restartedMain] o.h.t.d.sql.spi.DdlTypeRegistry          : addDescriptor(2004, org.hibernate.type.descriptor.sql.internal.CapacityDependentDdlType@4dcdc1c1) replaced previous registration(org.hibernate.type.descriptor.sql.internal.DdlTypeImpl@4ce3c744)
2025-08-20T10:02:10.137-03:00 DEBUG 6332 --- [SystemCallAndTask] [restartedMain] o.h.t.d.sql.spi.DdlTypeRegistry          : addDescriptor(2005, org.hibernate.type.descriptor.sql.internal.CapacityDependentDdlType@293d3e53) replaced previous registration(org.hibernate.type.descriptor.sql.internal.DdlTypeImpl@5e0993f6)
2025-08-20T10:02:10.137-03:00 DEBUG 6332 --- [SystemCallAndTask] [restartedMain] o.h.t.d.sql.spi.DdlTypeRegistry          : addDescriptor(2011, org.hibernate.type.descriptor.sql.internal.CapacityDependentDdlType@7de9923f) replaced previous registration(org.hibernate.type.descriptor.sql.internal.DdlTypeImpl@2f62a321)
2025-08-20T10:02:11.493-03:00  WARN 6332 --- [SystemCallAndTask] [restartedMain] JpaBaseConfiguration$JpaWebConfiguration : spring.jpa.open-in-view is enabled by default. Therefore, database queries may be performed during view rendering. Explicitly configure spring.jpa.open-in-view to disable this warning
2025-08-20T10:02:11.658-03:00  WARN 6332 --- [SystemCallAndTask] [restartedMain] .s.s.UserDetailsServiceAutoConfiguration : 

Using generated security password: dac3ded1-3d6e-4ffa-9172-20eeca97990b

This generated password is for development use only. Your security configuration must be updated before running your application in production.

2025-08-20T10:02:11.723-03:00  WARN 6332 --- [SystemCallAndTask] [restartedMain] thorizationManagerRequestMatcherRegistry : One of the patterns in [$PUBLIC_ENDPOINTS:/online}] is missing a leading slash. This is discouraged; please include the leading slash in all your request matcher patterns. In future versions of Spring Security, leaving out the leading slash will result in an exception.
2025-08-20T10:02:12.082-03:00  WARN 6332 --- [SystemCallAndTask] [restartedMain] o.s.b.d.a.OptionalLiveReloadServer       : Unable to start LiveReload server
2025-08-20T10:02:12.127-03:00  INFO 6332 --- [SystemCallAndTask] [restartedMain] c.j.S.SystemCallAndTaskApplication       : Started SystemCallAndTaskApplication in 5.82 seconds (process running for 6.426)
2025-08-20T10:02:12.167-03:00  INFO 6332 --- [SystemCallAndTask] [restartedMain] org.flywaydb.core.FlywayExecutor         : Database: jdbc:mysql://localhost:3306/call_dev_v1_1 (MySQL 8.0)
2025-08-20T10:02:12.215-03:00  INFO 6332 --- [SystemCallAndTask] [restartedMain] o.f.core.internal.command.DbValidate     : Successfully validated 5 migrations (execution time 00:00.026s)
2025-08-20T10:02:12.232-03:00  INFO 6332 --- [SystemCallAndTask] [restartedMain] o.f.core.internal.command.DbMigrate      : Current version of schema `call_dev_v1_1`: 5
2025-08-20T10:02:12.236-03:00  INFO 6332 --- [SystemCallAndTask] [restartedMain] o.f.core.internal.command.DbMigrate      : Schema `call_dev_v1_1` is up to date. No migration necessary.
2025-08-20T10:02:17.536-03:00  INFO 6332 --- [SystemCallAndTask] [http-nio-8080-exec-1] o.a.c.c.C.[Tomcat].[localhost].[/]       : Initializing Spring DispatcherServlet 'dispatcherServlet'
